2012-10-14 00:07:49,957 INFO org.apache.hadoop.mapred.TaskTracker: STARTUP_MSG: 
/************************************************************
STARTUP_MSG: Starting TaskTracker
STARTUP_MSG:   host = yehohanan7.local/192.168.2.16
STARTUP_MSG:   args = []
STARTUP_MSG:   version = 1.0.4
STARTUP_MSG:   build = https://svn.apache.org/repos/asf/hadoop/common/branches/branch-1.0 -r 1393290; compiled by 'hortonfo' on Wed Oct  3 05:13:58 UTC 2012
************************************************************/
2012-10-14 00:07:50,109 INFO org.apache.hadoop.metrics2.impl.MetricsConfig: loaded properties from hadoop-metrics2.properties
2012-10-14 00:07:50,151 INFO org.apache.hadoop.metrics2.impl.MetricsSourceAdapter: MBean for source MetricsSystem,sub=Stats registered.
2012-10-14 00:07:50,152 INFO org.apache.hadoop.metrics2.impl.MetricsSystemImpl: Scheduled snapshot period at 10 second(s).
2012-10-14 00:07:50,152 INFO org.apache.hadoop.metrics2.impl.MetricsSystemImpl: TaskTracker metrics system started
2012-10-14 00:07:50,374 INFO org.apache.hadoop.metrics2.impl.MetricsSourceAdapter: MBean for source ugi registered.
2012-10-14 00:07:50,377 WARN org.apache.hadoop.metrics2.impl.MetricsSystemImpl: Source name ugi already exists!
2012-10-14 00:07:50,434 ERROR org.apache.hadoop.mapred.TaskTracker: Can not start task tracker because java.lang.IllegalArgumentException: Does not contain a valid host:port authority: localhost
	at org.apache.hadoop.net.NetUtils.createSocketAddr(NetUtils.java:162)
	at org.apache.hadoop.net.NetUtils.createSocketAddr(NetUtils.java:128)
	at org.apache.hadoop.mapred.JobTracker.getAddress(JobTracker.java:2560)
	at org.apache.hadoop.mapred.TaskTracker.<init>(TaskTracker.java:1426)
	at org.apache.hadoop.mapred.TaskTracker.main(TaskTracker.java:3742)

2012-10-14 00:07:50,435 INFO org.apache.hadoop.mapred.TaskTracker: SHUTDOWN_MSG: 
/************************************************************
SHUTDOWN_MSG: Shutting down TaskTracker at yehohanan7.local/192.168.2.16
************************************************************/
2012-10-14 04:19:06,403 INFO org.apache.hadoop.mapred.TaskTracker: STARTUP_MSG: 
/************************************************************
STARTUP_MSG: Starting TaskTracker
STARTUP_MSG:   host = yehohanan7.local/192.168.2.16
STARTUP_MSG:   args = []
STARTUP_MSG:   version = 1.0.4
STARTUP_MSG:   build = https://svn.apache.org/repos/asf/hadoop/common/branches/branch-1.0 -r 1393290; compiled by 'hortonfo' on Wed Oct  3 05:13:58 UTC 2012
************************************************************/
2012-10-14 04:19:06,558 INFO org.apache.hadoop.metrics2.impl.MetricsConfig: loaded properties from hadoop-metrics2.properties
2012-10-14 04:19:06,601 INFO org.apache.hadoop.metrics2.impl.MetricsSourceAdapter: MBean for source MetricsSystem,sub=Stats registered.
2012-10-14 04:19:06,602 INFO org.apache.hadoop.metrics2.impl.MetricsSystemImpl: Scheduled snapshot period at 10 second(s).
2012-10-14 04:19:06,602 INFO org.apache.hadoop.metrics2.impl.MetricsSystemImpl: TaskTracker metrics system started
2012-10-14 04:19:06,818 INFO org.apache.hadoop.metrics2.impl.MetricsSourceAdapter: MBean for source ugi registered.
2012-10-14 04:19:06,821 WARN org.apache.hadoop.metrics2.impl.MetricsSystemImpl: Source name ugi already exists!
2012-10-14 04:19:06,883 ERROR org.apache.hadoop.mapred.TaskTracker: Can not start task tracker because java.lang.IllegalArgumentException: Does not contain a valid host:port authority: localhost
	at org.apache.hadoop.net.NetUtils.createSocketAddr(NetUtils.java:162)
	at org.apache.hadoop.net.NetUtils.createSocketAddr(NetUtils.java:128)
	at org.apache.hadoop.mapred.JobTracker.getAddress(JobTracker.java:2560)
	at org.apache.hadoop.mapred.TaskTracker.<init>(TaskTracker.java:1426)
	at org.apache.hadoop.mapred.TaskTracker.main(TaskTracker.java:3742)

2012-10-14 04:19:06,884 INFO org.apache.hadoop.mapred.TaskTracker: SHUTDOWN_MSG: 
/************************************************************
SHUTDOWN_MSG: Shutting down TaskTracker at yehohanan7.local/192.168.2.16
************************************************************/
2012-10-14 04:23:10,904 INFO org.apache.hadoop.mapred.TaskTracker: STARTUP_MSG: 
/************************************************************
STARTUP_MSG: Starting TaskTracker
STARTUP_MSG:   host = yehohanan7.local/192.168.2.16
STARTUP_MSG:   args = []
STARTUP_MSG:   version = 1.0.4
STARTUP_MSG:   build = https://svn.apache.org/repos/asf/hadoop/common/branches/branch-1.0 -r 1393290; compiled by 'hortonfo' on Wed Oct  3 05:13:58 UTC 2012
************************************************************/
2012-10-14 04:23:11,047 INFO org.apache.hadoop.metrics2.impl.MetricsConfig: loaded properties from hadoop-metrics2.properties
2012-10-14 04:23:11,093 INFO org.apache.hadoop.metrics2.impl.MetricsSourceAdapter: MBean for source MetricsSystem,sub=Stats registered.
2012-10-14 04:23:11,094 INFO org.apache.hadoop.metrics2.impl.MetricsSystemImpl: Scheduled snapshot period at 10 second(s).
2012-10-14 04:23:11,094 INFO org.apache.hadoop.metrics2.impl.MetricsSystemImpl: TaskTracker metrics system started
2012-10-14 04:23:11,314 INFO org.apache.hadoop.metrics2.impl.MetricsSourceAdapter: MBean for source ugi registered.
2012-10-14 04:23:11,317 WARN org.apache.hadoop.metrics2.impl.MetricsSystemImpl: Source name ugi already exists!
2012-10-14 04:23:11,374 ERROR org.apache.hadoop.mapred.TaskTracker: Can not start task tracker because java.lang.IllegalArgumentException: Does not contain a valid host:port authority: localhost
	at org.apache.hadoop.net.NetUtils.createSocketAddr(NetUtils.java:162)
	at org.apache.hadoop.net.NetUtils.createSocketAddr(NetUtils.java:128)
	at org.apache.hadoop.mapred.JobTracker.getAddress(JobTracker.java:2560)
	at org.apache.hadoop.mapred.TaskTracker.<init>(TaskTracker.java:1426)
	at org.apache.hadoop.mapred.TaskTracker.main(TaskTracker.java:3742)

2012-10-14 04:23:11,375 INFO org.apache.hadoop.mapred.TaskTracker: SHUTDOWN_MSG: 
/************************************************************
SHUTDOWN_MSG: Shutting down TaskTracker at yehohanan7.local/192.168.2.16
************************************************************/
2012-10-14 04:25:30,377 INFO org.apache.hadoop.mapred.TaskTracker: STARTUP_MSG: 
/************************************************************
STARTUP_MSG: Starting TaskTracker
STARTUP_MSG:   host = yehohanan7.local/192.168.2.16
STARTUP_MSG:   args = []
STARTUP_MSG:   version = 1.0.4
STARTUP_MSG:   build = https://svn.apache.org/repos/asf/hadoop/common/branches/branch-1.0 -r 1393290; compiled by 'hortonfo' on Wed Oct  3 05:13:58 UTC 2012
************************************************************/
2012-10-14 04:25:30,569 INFO org.apache.hadoop.metrics2.impl.MetricsConfig: loaded properties from hadoop-metrics2.properties
2012-10-14 04:25:30,611 INFO org.apache.hadoop.metrics2.impl.MetricsSourceAdapter: MBean for source MetricsSystem,sub=Stats registered.
2012-10-14 04:25:30,612 INFO org.apache.hadoop.metrics2.impl.MetricsSystemImpl: Scheduled snapshot period at 10 second(s).
2012-10-14 04:25:30,612 INFO org.apache.hadoop.metrics2.impl.MetricsSystemImpl: TaskTracker metrics system started
2012-10-14 04:25:30,839 INFO org.apache.hadoop.metrics2.impl.MetricsSourceAdapter: MBean for source ugi registered.
2012-10-14 04:25:30,843 WARN org.apache.hadoop.metrics2.impl.MetricsSystemImpl: Source name ugi already exists!
2012-10-14 04:25:30,901 ERROR org.apache.hadoop.mapred.TaskTracker: Can not start task tracker because java.lang.IllegalArgumentException: Does not contain a valid host:port authority: localhost
	at org.apache.hadoop.net.NetUtils.createSocketAddr(NetUtils.java:162)
	at org.apache.hadoop.net.NetUtils.createSocketAddr(NetUtils.java:128)
	at org.apache.hadoop.mapred.JobTracker.getAddress(JobTracker.java:2560)
	at org.apache.hadoop.mapred.TaskTracker.<init>(TaskTracker.java:1426)
	at org.apache.hadoop.mapred.TaskTracker.main(TaskTracker.java:3742)

2012-10-14 04:25:30,902 INFO org.apache.hadoop.mapred.TaskTracker: SHUTDOWN_MSG: 
/************************************************************
SHUTDOWN_MSG: Shutting down TaskTracker at yehohanan7.local/192.168.2.16
************************************************************/
2012-10-14 04:25:42,163 INFO org.apache.hadoop.mapred.TaskTracker: STARTUP_MSG: 
/************************************************************
STARTUP_MSG: Starting TaskTracker
STARTUP_MSG:   host = yehohanan7.local/192.168.2.16
STARTUP_MSG:   args = []
STARTUP_MSG:   version = 1.0.4
STARTUP_MSG:   build = https://svn.apache.org/repos/asf/hadoop/common/branches/branch-1.0 -r 1393290; compiled by 'hortonfo' on Wed Oct  3 05:13:58 UTC 2012
************************************************************/
2012-10-14 04:25:42,311 INFO org.apache.hadoop.metrics2.impl.MetricsConfig: loaded properties from hadoop-metrics2.properties
2012-10-14 04:25:42,358 INFO org.apache.hadoop.metrics2.impl.MetricsSourceAdapter: MBean for source MetricsSystem,sub=Stats registered.
2012-10-14 04:25:42,359 INFO org.apache.hadoop.metrics2.impl.MetricsSystemImpl: Scheduled snapshot period at 10 second(s).
2012-10-14 04:25:42,359 INFO org.apache.hadoop.metrics2.impl.MetricsSystemImpl: TaskTracker metrics system started
2012-10-14 04:25:42,578 INFO org.apache.hadoop.metrics2.impl.MetricsSourceAdapter: MBean for source ugi registered.
2012-10-14 04:25:42,580 WARN org.apache.hadoop.metrics2.impl.MetricsSystemImpl: Source name ugi already exists!
2012-10-14 04:25:42,637 ERROR org.apache.hadoop.mapred.TaskTracker: Can not start task tracker because java.lang.IllegalArgumentException: Does not contain a valid host:port authority: localhost
	at org.apache.hadoop.net.NetUtils.createSocketAddr(NetUtils.java:162)
	at org.apache.hadoop.net.NetUtils.createSocketAddr(NetUtils.java:128)
	at org.apache.hadoop.mapred.JobTracker.getAddress(JobTracker.java:2560)
	at org.apache.hadoop.mapred.TaskTracker.<init>(TaskTracker.java:1426)
	at org.apache.hadoop.mapred.TaskTracker.main(TaskTracker.java:3742)

2012-10-14 04:25:42,638 INFO org.apache.hadoop.mapred.TaskTracker: SHUTDOWN_MSG: 
/************************************************************
SHUTDOWN_MSG: Shutting down TaskTracker at yehohanan7.local/192.168.2.16
************************************************************/
2012-10-14 04:26:13,548 INFO org.apache.hadoop.mapred.TaskTracker: STARTUP_MSG: 
/************************************************************
STARTUP_MSG: Starting TaskTracker
STARTUP_MSG:   host = yehohanan7.local/192.168.2.16
STARTUP_MSG:   args = []
STARTUP_MSG:   version = 1.0.4
STARTUP_MSG:   build = https://svn.apache.org/repos/asf/hadoop/common/branches/branch-1.0 -r 1393290; compiled by 'hortonfo' on Wed Oct  3 05:13:58 UTC 2012
************************************************************/
2012-10-14 04:26:13,696 INFO org.apache.hadoop.metrics2.impl.MetricsConfig: loaded properties from hadoop-metrics2.properties
2012-10-14 04:26:13,742 INFO org.apache.hadoop.metrics2.impl.MetricsSourceAdapter: MBean for source MetricsSystem,sub=Stats registered.
2012-10-14 04:26:13,743 INFO org.apache.hadoop.metrics2.impl.MetricsSystemImpl: Scheduled snapshot period at 10 second(s).
2012-10-14 04:26:13,743 INFO org.apache.hadoop.metrics2.impl.MetricsSystemImpl: TaskTracker metrics system started
2012-10-14 04:26:13,972 INFO org.apache.hadoop.metrics2.impl.MetricsSourceAdapter: MBean for source ugi registered.
2012-10-14 04:26:13,975 WARN org.apache.hadoop.metrics2.impl.MetricsSystemImpl: Source name ugi already exists!
2012-10-14 04:26:14,038 ERROR org.apache.hadoop.mapred.TaskTracker: Can not start task tracker because java.lang.IllegalArgumentException: Does not contain a valid host:port authority: localhost
	at org.apache.hadoop.net.NetUtils.createSocketAddr(NetUtils.java:162)
	at org.apache.hadoop.net.NetUtils.createSocketAddr(NetUtils.java:128)
	at org.apache.hadoop.mapred.JobTracker.getAddress(JobTracker.java:2560)
	at org.apache.hadoop.mapred.TaskTracker.<init>(TaskTracker.java:1426)
	at org.apache.hadoop.mapred.TaskTracker.main(TaskTracker.java:3742)

2012-10-14 04:26:14,038 INFO org.apache.hadoop.mapred.TaskTracker: SHUTDOWN_MSG: 
/************************************************************
SHUTDOWN_MSG: Shutting down TaskTracker at yehohanan7.local/192.168.2.16
************************************************************/
2012-10-14 04:26:36,811 INFO org.apache.hadoop.mapred.TaskTracker: STARTUP_MSG: 
/************************************************************
STARTUP_MSG: Starting TaskTracker
STARTUP_MSG:   host = yehohanan7.local/192.168.2.16
STARTUP_MSG:   args = []
STARTUP_MSG:   version = 1.0.4
STARTUP_MSG:   build = https://svn.apache.org/repos/asf/hadoop/common/branches/branch-1.0 -r 1393290; compiled by 'hortonfo' on Wed Oct  3 05:13:58 UTC 2012
************************************************************/
2012-10-14 04:26:36,953 INFO org.apache.hadoop.metrics2.impl.MetricsConfig: loaded properties from hadoop-metrics2.properties
2012-10-14 04:26:37,001 INFO org.apache.hadoop.metrics2.impl.MetricsSourceAdapter: MBean for source MetricsSystem,sub=Stats registered.
2012-10-14 04:26:37,002 INFO org.apache.hadoop.metrics2.impl.MetricsSystemImpl: Scheduled snapshot period at 10 second(s).
2012-10-14 04:26:37,002 INFO org.apache.hadoop.metrics2.impl.MetricsSystemImpl: TaskTracker metrics system started
2012-10-14 04:26:37,227 INFO org.apache.hadoop.metrics2.impl.MetricsSourceAdapter: MBean for source ugi registered.
2012-10-14 04:26:37,230 WARN org.apache.hadoop.metrics2.impl.MetricsSystemImpl: Source name ugi already exists!
2012-10-14 04:26:37,294 ERROR org.apache.hadoop.mapred.TaskTracker: Can not start task tracker because java.lang.IllegalArgumentException: Does not contain a valid host:port authority: localhost
	at org.apache.hadoop.net.NetUtils.createSocketAddr(NetUtils.java:162)
	at org.apache.hadoop.net.NetUtils.createSocketAddr(NetUtils.java:128)
	at org.apache.hadoop.mapred.JobTracker.getAddress(JobTracker.java:2560)
	at org.apache.hadoop.mapred.TaskTracker.<init>(TaskTracker.java:1426)
	at org.apache.hadoop.mapred.TaskTracker.main(TaskTracker.java:3742)

2012-10-14 04:26:37,294 INFO org.apache.hadoop.mapred.TaskTracker: SHUTDOWN_MSG: 
/************************************************************
SHUTDOWN_MSG: Shutting down TaskTracker at yehohanan7.local/192.168.2.16
************************************************************/
2012-10-14 04:27:44,484 INFO org.apache.hadoop.mapred.TaskTracker: STARTUP_MSG: 
/************************************************************
STARTUP_MSG: Starting TaskTracker
STARTUP_MSG:   host = yehohanan7.local/192.168.2.16
STARTUP_MSG:   args = []
STARTUP_MSG:   version = 1.0.4
STARTUP_MSG:   build = https://svn.apache.org/repos/asf/hadoop/common/branches/branch-1.0 -r 1393290; compiled by 'hortonfo' on Wed Oct  3 05:13:58 UTC 2012
************************************************************/
2012-10-14 04:27:44,635 INFO org.apache.hadoop.metrics2.impl.MetricsConfig: loaded properties from hadoop-metrics2.properties
2012-10-14 04:27:44,678 INFO org.apache.hadoop.metrics2.impl.MetricsSourceAdapter: MBean for source MetricsSystem,sub=Stats registered.
2012-10-14 04:27:44,679 INFO org.apache.hadoop.metrics2.impl.MetricsSystemImpl: Scheduled snapshot period at 10 second(s).
2012-10-14 04:27:44,679 INFO org.apache.hadoop.metrics2.impl.MetricsSystemImpl: TaskTracker metrics system started
2012-10-14 04:27:44,904 INFO org.apache.hadoop.metrics2.impl.MetricsSourceAdapter: MBean for source ugi registered.
2012-10-14 04:27:44,907 WARN org.apache.hadoop.metrics2.impl.MetricsSystemImpl: Source name ugi already exists!
2012-10-14 04:27:44,965 ERROR org.apache.hadoop.mapred.TaskTracker: Can not start task tracker because java.lang.IllegalArgumentException: Does not contain a valid host:port authority: localhost
	at org.apache.hadoop.net.NetUtils.createSocketAddr(NetUtils.java:162)
	at org.apache.hadoop.net.NetUtils.createSocketAddr(NetUtils.java:128)
	at org.apache.hadoop.mapred.JobTracker.getAddress(JobTracker.java:2560)
	at org.apache.hadoop.mapred.TaskTracker.<init>(TaskTracker.java:1426)
	at org.apache.hadoop.mapred.TaskTracker.main(TaskTracker.java:3742)

2012-10-14 04:27:44,966 INFO org.apache.hadoop.mapred.TaskTracker: SHUTDOWN_MSG: 
/************************************************************
SHUTDOWN_MSG: Shutting down TaskTracker at yehohanan7.local/192.168.2.16
************************************************************/
2012-10-14 04:30:54,390 INFO org.apache.hadoop.mapred.TaskTracker: STARTUP_MSG: 
/************************************************************
STARTUP_MSG: Starting TaskTracker
STARTUP_MSG:   host = yehohanan7.local/192.168.2.16
STARTUP_MSG:   args = []
STARTUP_MSG:   version = 1.0.4
STARTUP_MSG:   build = https://svn.apache.org/repos/asf/hadoop/common/branches/branch-1.0 -r 1393290; compiled by 'hortonfo' on Wed Oct  3 05:13:58 UTC 2012
************************************************************/
2012-10-14 04:30:54,534 INFO org.apache.hadoop.metrics2.impl.MetricsConfig: loaded properties from hadoop-metrics2.properties
2012-10-14 04:30:54,575 INFO org.apache.hadoop.metrics2.impl.MetricsSourceAdapter: MBean for source MetricsSystem,sub=Stats registered.
2012-10-14 04:30:54,576 INFO org.apache.hadoop.metrics2.impl.MetricsSystemImpl: Scheduled snapshot period at 10 second(s).
2012-10-14 04:30:54,576 INFO org.apache.hadoop.metrics2.impl.MetricsSystemImpl: TaskTracker metrics system started
2012-10-14 04:30:54,798 INFO org.apache.hadoop.metrics2.impl.MetricsSourceAdapter: MBean for source ugi registered.
2012-10-14 04:30:54,800 WARN org.apache.hadoop.metrics2.impl.MetricsSystemImpl: Source name ugi already exists!
2012-10-14 04:30:54,930 INFO org.mortbay.log: Logging to org.slf4j.impl.Log4jLoggerAdapter(org.mortbay.log) via org.mortbay.log.Slf4jLog
2012-10-14 04:30:54,972 INFO org.apache.hadoop.http.HttpServer: Added global filtersafety (class=org.apache.hadoop.http.HttpServer$QuotingInputFilter)
2012-10-14 04:30:54,992 INFO org.apache.hadoop.mapred.TaskLogsTruncater: Initializing logs' truncater with mapRetainSize=-1 and reduceRetainSize=-1
2012-10-14 04:30:54,996 INFO org.apache.hadoop.mapred.TaskTracker: Starting tasktracker with owner as yehohanan7
2012-10-14 04:30:54,998 INFO org.apache.hadoop.mapred.TaskTracker: Good mapred local directories are: /tmp/hadoop-yehohanan7/mapred/local
2012-10-14 04:30:55,025 WARN org.apache.hadoop.util.NativeCodeLoader: Unable to load native-hadoop library for your platform... using builtin-java classes where applicable
2012-10-14 04:30:55,034 INFO org.apache.hadoop.metrics2.impl.MetricsSourceAdapter: MBean for source jvm registered.
2012-10-14 04:30:55,035 INFO org.apache.hadoop.metrics2.impl.MetricsSourceAdapter: MBean for source TaskTrackerMetrics registered.
2012-10-14 04:30:55,057 INFO org.apache.hadoop.ipc.Server: Starting SocketReader
2012-10-14 04:30:55,059 INFO org.apache.hadoop.metrics2.impl.MetricsSourceAdapter: MBean for source RpcDetailedActivityForPort51664 registered.
2012-10-14 04:30:55,059 INFO org.apache.hadoop.metrics2.impl.MetricsSourceAdapter: MBean for source RpcActivityForPort51664 registered.
2012-10-14 04:30:55,060 INFO org.apache.hadoop.ipc.Server: IPC Server Responder: starting
2012-10-14 04:30:55,060 INFO org.apache.hadoop.ipc.Server: IPC Server listener on 51664: starting
2012-10-14 04:30:55,061 INFO org.apache.hadoop.ipc.Server: IPC Server handler 0 on 51664: starting
2012-10-14 04:30:55,061 INFO org.apache.hadoop.ipc.Server: IPC Server handler 1 on 51664: starting
2012-10-14 04:30:55,061 INFO org.apache.hadoop.ipc.Server: IPC Server handler 2 on 51664: starting
2012-10-14 04:30:55,061 INFO org.apache.hadoop.ipc.Server: IPC Server handler 3 on 51664: starting
2012-10-14 04:30:55,061 INFO org.apache.hadoop.mapred.TaskTracker: TaskTracker up at: localhost/127.0.0.1:51664
2012-10-14 04:30:55,061 INFO org.apache.hadoop.mapred.TaskTracker: Starting tracker tracker_192.168.2.16:localhost/127.0.0.1:51664
2012-10-14 04:31:27,472 INFO org.apache.hadoop.mapred.TaskTracker: SHUTDOWN_MSG: 
/************************************************************
SHUTDOWN_MSG: Shutting down TaskTracker at yehohanan7.local/192.168.2.16
************************************************************/
2012-10-14 04:31:34,952 INFO org.apache.hadoop.mapred.TaskTracker: STARTUP_MSG: 
/************************************************************
STARTUP_MSG: Starting TaskTracker
STARTUP_MSG:   host = yehohanan7.local/192.168.2.16
STARTUP_MSG:   args = []
STARTUP_MSG:   version = 1.0.4
STARTUP_MSG:   build = https://svn.apache.org/repos/asf/hadoop/common/branches/branch-1.0 -r 1393290; compiled by 'hortonfo' on Wed Oct  3 05:13:58 UTC 2012
************************************************************/
2012-10-14 04:31:35,119 INFO org.apache.hadoop.metrics2.impl.MetricsConfig: loaded properties from hadoop-metrics2.properties
2012-10-14 04:31:35,167 INFO org.apache.hadoop.metrics2.impl.MetricsSourceAdapter: MBean for source MetricsSystem,sub=Stats registered.
2012-10-14 04:31:35,168 INFO org.apache.hadoop.metrics2.impl.MetricsSystemImpl: Scheduled snapshot period at 10 second(s).
2012-10-14 04:31:35,168 INFO org.apache.hadoop.metrics2.impl.MetricsSystemImpl: TaskTracker metrics system started
2012-10-14 04:31:35,405 INFO org.apache.hadoop.metrics2.impl.MetricsSourceAdapter: MBean for source ugi registered.
2012-10-14 04:31:35,408 WARN org.apache.hadoop.metrics2.impl.MetricsSystemImpl: Source name ugi already exists!
2012-10-14 04:31:35,546 INFO org.mortbay.log: Logging to org.slf4j.impl.Log4jLoggerAdapter(org.mortbay.log) via org.mortbay.log.Slf4jLog
2012-10-14 04:31:35,594 INFO org.apache.hadoop.http.HttpServer: Added global filtersafety (class=org.apache.hadoop.http.HttpServer$QuotingInputFilter)
2012-10-14 04:31:35,617 INFO org.apache.hadoop.mapred.TaskLogsTruncater: Initializing logs' truncater with mapRetainSize=-1 and reduceRetainSize=-1
2012-10-14 04:31:35,621 INFO org.apache.hadoop.mapred.TaskTracker: Starting tasktracker with owner as yehohanan7
2012-10-14 04:31:35,623 INFO org.apache.hadoop.mapred.TaskTracker: Good mapred local directories are: /tmp/hadoop-yehohanan7/mapred/local
2012-10-14 04:31:35,629 WARN org.apache.hadoop.util.NativeCodeLoader: Unable to load native-hadoop library for your platform... using builtin-java classes where applicable
2012-10-14 04:31:35,638 INFO org.apache.hadoop.metrics2.impl.MetricsSourceAdapter: MBean for source jvm registered.
2012-10-14 04:31:35,639 INFO org.apache.hadoop.metrics2.impl.MetricsSourceAdapter: MBean for source TaskTrackerMetrics registered.
2012-10-14 04:31:35,666 INFO org.apache.hadoop.ipc.Server: Starting SocketReader
2012-10-14 04:31:35,667 INFO org.apache.hadoop.metrics2.impl.MetricsSourceAdapter: MBean for source RpcDetailedActivityForPort51793 registered.
2012-10-14 04:31:35,668 INFO org.apache.hadoop.metrics2.impl.MetricsSourceAdapter: MBean for source RpcActivityForPort51793 registered.
2012-10-14 04:31:35,669 INFO org.apache.hadoop.ipc.Server: IPC Server Responder: starting
2012-10-14 04:31:35,669 INFO org.apache.hadoop.ipc.Server: IPC Server listener on 51793: starting
2012-10-14 04:31:35,669 INFO org.apache.hadoop.ipc.Server: IPC Server handler 0 on 51793: starting
2012-10-14 04:31:35,669 INFO org.apache.hadoop.ipc.Server: IPC Server handler 1 on 51793: starting
2012-10-14 04:31:35,669 INFO org.apache.hadoop.ipc.Server: IPC Server handler 2 on 51793: starting
2012-10-14 04:31:35,670 INFO org.apache.hadoop.ipc.Server: IPC Server handler 3 on 51793: starting
2012-10-14 04:31:35,670 INFO org.apache.hadoop.mapred.TaskTracker: TaskTracker up at: localhost/127.0.0.1:51793
2012-10-14 04:31:35,670 INFO org.apache.hadoop.mapred.TaskTracker: Starting tracker tracker_192.168.2.16:localhost/127.0.0.1:51793
2012-10-14 04:34:59,486 INFO org.apache.hadoop.mapred.TaskTracker: SHUTDOWN_MSG: 
/************************************************************
SHUTDOWN_MSG: Shutting down TaskTracker at yehohanan7.local/192.168.2.16
************************************************************/
2012-10-14 04:35:06,676 INFO org.apache.hadoop.mapred.TaskTracker: STARTUP_MSG: 
/************************************************************
STARTUP_MSG: Starting TaskTracker
STARTUP_MSG:   host = yehohanan7.local/192.168.2.16
STARTUP_MSG:   args = []
STARTUP_MSG:   version = 1.0.4
STARTUP_MSG:   build = https://svn.apache.org/repos/asf/hadoop/common/branches/branch-1.0 -r 1393290; compiled by 'hortonfo' on Wed Oct  3 05:13:58 UTC 2012
************************************************************/
2012-10-14 04:35:06,826 INFO org.apache.hadoop.metrics2.impl.MetricsConfig: loaded properties from hadoop-metrics2.properties
2012-10-14 04:35:06,869 INFO org.apache.hadoop.metrics2.impl.MetricsSourceAdapter: MBean for source MetricsSystem,sub=Stats registered.
2012-10-14 04:35:06,870 INFO org.apache.hadoop.metrics2.impl.MetricsSystemImpl: Scheduled snapshot period at 10 second(s).
2012-10-14 04:35:06,870 INFO org.apache.hadoop.metrics2.impl.MetricsSystemImpl: TaskTracker metrics system started
2012-10-14 04:35:07,100 INFO org.apache.hadoop.metrics2.impl.MetricsSourceAdapter: MBean for source ugi registered.
2012-10-14 04:35:07,103 WARN org.apache.hadoop.metrics2.impl.MetricsSystemImpl: Source name ugi already exists!
2012-10-14 04:35:07,235 INFO org.mortbay.log: Logging to org.slf4j.impl.Log4jLoggerAdapter(org.mortbay.log) via org.mortbay.log.Slf4jLog
2012-10-14 04:35:07,280 INFO org.apache.hadoop.http.HttpServer: Added global filtersafety (class=org.apache.hadoop.http.HttpServer$QuotingInputFilter)
2012-10-14 04:35:07,300 INFO org.apache.hadoop.mapred.TaskLogsTruncater: Initializing logs' truncater with mapRetainSize=-1 and reduceRetainSize=-1
2012-10-14 04:35:07,305 INFO org.apache.hadoop.mapred.TaskTracker: Starting tasktracker with owner as yehohanan7
2012-10-14 04:35:07,306 INFO org.apache.hadoop.mapred.TaskTracker: Good mapred local directories are: /tmp/hadoop-yehohanan7/mapred/local
2012-10-14 04:35:07,311 WARN org.apache.hadoop.util.NativeCodeLoader: Unable to load native-hadoop library for your platform... using builtin-java classes where applicable
2012-10-14 04:35:07,320 INFO org.apache.hadoop.metrics2.impl.MetricsSourceAdapter: MBean for source jvm registered.
2012-10-14 04:35:07,321 INFO org.apache.hadoop.metrics2.impl.MetricsSourceAdapter: MBean for source TaskTrackerMetrics registered.
2012-10-14 04:35:07,345 INFO org.apache.hadoop.ipc.Server: Starting SocketReader
2012-10-14 04:35:07,347 INFO org.apache.hadoop.metrics2.impl.MetricsSourceAdapter: MBean for source RpcDetailedActivityForPort51895 registered.
2012-10-14 04:35:07,348 INFO org.apache.hadoop.metrics2.impl.MetricsSourceAdapter: MBean for source RpcActivityForPort51895 registered.
2012-10-14 04:35:07,349 INFO org.apache.hadoop.ipc.Server: IPC Server Responder: starting
2012-10-14 04:35:07,349 INFO org.apache.hadoop.ipc.Server: IPC Server listener on 51895: starting
2012-10-14 04:35:07,349 INFO org.apache.hadoop.ipc.Server: IPC Server handler 0 on 51895: starting
2012-10-14 04:35:07,349 INFO org.apache.hadoop.ipc.Server: IPC Server handler 1 on 51895: starting
2012-10-14 04:35:07,350 INFO org.apache.hadoop.ipc.Server: IPC Server handler 2 on 51895: starting
2012-10-14 04:35:07,350 INFO org.apache.hadoop.ipc.Server: IPC Server handler 3 on 51895: starting
2012-10-14 04:35:07,350 INFO org.apache.hadoop.mapred.TaskTracker: TaskTracker up at: localhost/127.0.0.1:51895
2012-10-14 04:35:07,350 INFO org.apache.hadoop.mapred.TaskTracker: Starting tracker tracker_192.168.2.16:localhost/127.0.0.1:51895
2012-10-14 04:36:09,989 INFO org.apache.hadoop.mapred.TaskTracker: SHUTDOWN_MSG: 
/************************************************************
SHUTDOWN_MSG: Shutting down TaskTracker at yehohanan7.local/192.168.2.16
************************************************************/
2012-10-14 04:36:18,947 INFO org.apache.hadoop.mapred.TaskTracker: STARTUP_MSG: 
/************************************************************
STARTUP_MSG: Starting TaskTracker
STARTUP_MSG:   host = yehohanan7.local/192.168.2.16
STARTUP_MSG:   args = []
STARTUP_MSG:   version = 1.0.4
STARTUP_MSG:   build = https://svn.apache.org/repos/asf/hadoop/common/branches/branch-1.0 -r 1393290; compiled by 'hortonfo' on Wed Oct  3 05:13:58 UTC 2012
************************************************************/
2012-10-14 04:36:19,130 INFO org.apache.hadoop.metrics2.impl.MetricsConfig: loaded properties from hadoop-metrics2.properties
2012-10-14 04:36:19,171 INFO org.apache.hadoop.metrics2.impl.MetricsSourceAdapter: MBean for source MetricsSystem,sub=Stats registered.
2012-10-14 04:36:19,172 INFO org.apache.hadoop.metrics2.impl.MetricsSystemImpl: Scheduled snapshot period at 10 second(s).
2012-10-14 04:36:19,172 INFO org.apache.hadoop.metrics2.impl.MetricsSystemImpl: TaskTracker metrics system started
2012-10-14 04:36:19,396 INFO org.apache.hadoop.metrics2.impl.MetricsSourceAdapter: MBean for source ugi registered.
2012-10-14 04:36:19,400 WARN org.apache.hadoop.metrics2.impl.MetricsSystemImpl: Source name ugi already exists!
2012-10-14 04:36:19,534 INFO org.mortbay.log: Logging to org.slf4j.impl.Log4jLoggerAdapter(org.mortbay.log) via org.mortbay.log.Slf4jLog
2012-10-14 04:36:19,579 INFO org.apache.hadoop.http.HttpServer: Added global filtersafety (class=org.apache.hadoop.http.HttpServer$QuotingInputFilter)
2012-10-14 04:36:19,599 INFO org.apache.hadoop.mapred.TaskLogsTruncater: Initializing logs' truncater with mapRetainSize=-1 and reduceRetainSize=-1
2012-10-14 04:36:19,603 INFO org.apache.hadoop.mapred.TaskTracker: Starting tasktracker with owner as yehohanan7
2012-10-14 04:36:19,604 INFO org.apache.hadoop.mapred.TaskTracker: Good mapred local directories are: /tmp/hadoop-yehohanan7/mapred/local
2012-10-14 04:36:19,610 WARN org.apache.hadoop.util.NativeCodeLoader: Unable to load native-hadoop library for your platform... using builtin-java classes where applicable
2012-10-14 04:36:19,619 INFO org.apache.hadoop.metrics2.impl.MetricsSourceAdapter: MBean for source jvm registered.
2012-10-14 04:36:19,620 INFO org.apache.hadoop.metrics2.impl.MetricsSourceAdapter: MBean for source TaskTrackerMetrics registered.
2012-10-14 04:36:19,644 INFO org.apache.hadoop.ipc.Server: Starting SocketReader
2012-10-14 04:36:19,645 INFO org.apache.hadoop.metrics2.impl.MetricsSourceAdapter: MBean for source RpcDetailedActivityForPort52116 registered.
2012-10-14 04:36:19,646 INFO org.apache.hadoop.metrics2.impl.MetricsSourceAdapter: MBean for source RpcActivityForPort52116 registered.
2012-10-14 04:36:19,647 INFO org.apache.hadoop.ipc.Server: IPC Server Responder: starting
2012-10-14 04:36:19,647 INFO org.apache.hadoop.ipc.Server: IPC Server listener on 52116: starting
2012-10-14 04:36:19,647 INFO org.apache.hadoop.ipc.Server: IPC Server handler 0 on 52116: starting
2012-10-14 04:36:19,647 INFO org.apache.hadoop.ipc.Server: IPC Server handler 1 on 52116: starting
2012-10-14 04:36:19,647 INFO org.apache.hadoop.ipc.Server: IPC Server handler 2 on 52116: starting
2012-10-14 04:36:19,648 INFO org.apache.hadoop.ipc.Server: IPC Server handler 3 on 52116: starting
2012-10-14 04:36:19,648 INFO org.apache.hadoop.mapred.TaskTracker: TaskTracker up at: localhost/127.0.0.1:52116
2012-10-14 04:36:19,648 INFO org.apache.hadoop.mapred.TaskTracker: Starting tracker tracker_192.168.2.16:localhost/127.0.0.1:52116
2012-10-14 04:37:30,595 INFO org.apache.hadoop.mapred.TaskTracker: SHUTDOWN_MSG: 
/************************************************************
SHUTDOWN_MSG: Shutting down TaskTracker at yehohanan7.local/192.168.2.16
************************************************************/
2012-10-14 04:37:37,887 INFO org.apache.hadoop.mapred.TaskTracker: STARTUP_MSG: 
/************************************************************
STARTUP_MSG: Starting TaskTracker
STARTUP_MSG:   host = yehohanan7.local/192.168.2.16
STARTUP_MSG:   args = []
STARTUP_MSG:   version = 1.0.4
STARTUP_MSG:   build = https://svn.apache.org/repos/asf/hadoop/common/branches/branch-1.0 -r 1393290; compiled by 'hortonfo' on Wed Oct  3 05:13:58 UTC 2012
************************************************************/
2012-10-14 04:37:38,031 INFO org.apache.hadoop.metrics2.impl.MetricsConfig: loaded properties from hadoop-metrics2.properties
2012-10-14 04:37:38,073 INFO org.apache.hadoop.metrics2.impl.MetricsSourceAdapter: MBean for source MetricsSystem,sub=Stats registered.
2012-10-14 04:37:38,074 INFO org.apache.hadoop.metrics2.impl.MetricsSystemImpl: Scheduled snapshot period at 10 second(s).
2012-10-14 04:37:38,074 INFO org.apache.hadoop.metrics2.impl.MetricsSystemImpl: TaskTracker metrics system started
2012-10-14 04:37:38,307 INFO org.apache.hadoop.metrics2.impl.MetricsSourceAdapter: MBean for source ugi registered.
2012-10-14 04:37:38,310 WARN org.apache.hadoop.metrics2.impl.MetricsSystemImpl: Source name ugi already exists!
2012-10-14 04:37:38,367 ERROR org.apache.hadoop.mapred.TaskTracker: Can not start task tracker because java.lang.IllegalArgumentException: Does not contain a valid host:port authority: localhost
	at org.apache.hadoop.net.NetUtils.createSocketAddr(NetUtils.java:162)
	at org.apache.hadoop.net.NetUtils.createSocketAddr(NetUtils.java:128)
	at org.apache.hadoop.mapred.JobTracker.getAddress(JobTracker.java:2560)
	at org.apache.hadoop.mapred.TaskTracker.<init>(TaskTracker.java:1426)
	at org.apache.hadoop.mapred.TaskTracker.main(TaskTracker.java:3742)

2012-10-14 04:37:38,367 INFO org.apache.hadoop.mapred.TaskTracker: SHUTDOWN_MSG: 
/************************************************************
SHUTDOWN_MSG: Shutting down TaskTracker at yehohanan7.local/192.168.2.16
************************************************************/
2012-10-14 04:38:11,933 INFO org.apache.hadoop.mapred.TaskTracker: STARTUP_MSG: 
/************************************************************
STARTUP_MSG: Starting TaskTracker
STARTUP_MSG:   host = yehohanan7.local/192.168.2.16
STARTUP_MSG:   args = []
STARTUP_MSG:   version = 1.0.4
STARTUP_MSG:   build = https://svn.apache.org/repos/asf/hadoop/common/branches/branch-1.0 -r 1393290; compiled by 'hortonfo' on Wed Oct  3 05:13:58 UTC 2012
************************************************************/
2012-10-14 04:38:12,079 INFO org.apache.hadoop.metrics2.impl.MetricsConfig: loaded properties from hadoop-metrics2.properties
2012-10-14 04:38:12,126 INFO org.apache.hadoop.metrics2.impl.MetricsSourceAdapter: MBean for source MetricsSystem,sub=Stats registered.
2012-10-14 04:38:12,127 INFO org.apache.hadoop.metrics2.impl.MetricsSystemImpl: Scheduled snapshot period at 10 second(s).
2012-10-14 04:38:12,127 INFO org.apache.hadoop.metrics2.impl.MetricsSystemImpl: TaskTracker metrics system started
2012-10-14 04:38:12,355 INFO org.apache.hadoop.metrics2.impl.MetricsSourceAdapter: MBean for source ugi registered.
2012-10-14 04:38:12,357 WARN org.apache.hadoop.metrics2.impl.MetricsSystemImpl: Source name ugi already exists!
2012-10-14 04:38:12,421 ERROR org.apache.hadoop.mapred.TaskTracker: Can not start task tracker because java.lang.IllegalArgumentException: Does not contain a valid host:port authority: localhost
	at org.apache.hadoop.net.NetUtils.createSocketAddr(NetUtils.java:162)
	at org.apache.hadoop.net.NetUtils.createSocketAddr(NetUtils.java:128)
	at org.apache.hadoop.mapred.JobTracker.getAddress(JobTracker.java:2560)
	at org.apache.hadoop.mapred.TaskTracker.<init>(TaskTracker.java:1426)
	at org.apache.hadoop.mapred.TaskTracker.main(TaskTracker.java:3742)

2012-10-14 04:38:12,422 INFO org.apache.hadoop.mapred.TaskTracker: SHUTDOWN_MSG: 
/************************************************************
SHUTDOWN_MSG: Shutting down TaskTracker at yehohanan7.local/192.168.2.16
************************************************************/
2012-10-14 04:39:16,808 INFO org.apache.hadoop.mapred.TaskTracker: STARTUP_MSG: 
/************************************************************
STARTUP_MSG: Starting TaskTracker
STARTUP_MSG:   host = yehohanan7.local/192.168.2.16
STARTUP_MSG:   args = []
STARTUP_MSG:   version = 1.0.4
STARTUP_MSG:   build = https://svn.apache.org/repos/asf/hadoop/common/branches/branch-1.0 -r 1393290; compiled by 'hortonfo' on Wed Oct  3 05:13:58 UTC 2012
************************************************************/
2012-10-14 04:39:16,964 INFO org.apache.hadoop.metrics2.impl.MetricsConfig: loaded properties from hadoop-metrics2.properties
2012-10-14 04:39:17,006 INFO org.apache.hadoop.metrics2.impl.MetricsSourceAdapter: MBean for source MetricsSystem,sub=Stats registered.
2012-10-14 04:39:17,007 INFO org.apache.hadoop.metrics2.impl.MetricsSystemImpl: Scheduled snapshot period at 10 second(s).
2012-10-14 04:39:17,007 INFO org.apache.hadoop.metrics2.impl.MetricsSystemImpl: TaskTracker metrics system started
2012-10-14 04:39:17,258 INFO org.apache.hadoop.metrics2.impl.MetricsSourceAdapter: MBean for source ugi registered.
2012-10-14 04:39:17,262 WARN org.apache.hadoop.metrics2.impl.MetricsSystemImpl: Source name ugi already exists!
2012-10-14 04:39:17,323 ERROR org.apache.hadoop.mapred.TaskTracker: Can not start task tracker because java.lang.IllegalArgumentException: Does not contain a valid host:port authority: localhost
	at org.apache.hadoop.net.NetUtils.createSocketAddr(NetUtils.java:162)
	at org.apache.hadoop.net.NetUtils.createSocketAddr(NetUtils.java:128)
	at org.apache.hadoop.mapred.JobTracker.getAddress(JobTracker.java:2560)
	at org.apache.hadoop.mapred.TaskTracker.<init>(TaskTracker.java:1426)
	at org.apache.hadoop.mapred.TaskTracker.main(TaskTracker.java:3742)

2012-10-14 04:39:17,324 INFO org.apache.hadoop.mapred.TaskTracker: SHUTDOWN_MSG: 
/************************************************************
SHUTDOWN_MSG: Shutting down TaskTracker at yehohanan7.local/192.168.2.16
************************************************************/
2012-10-14 23:39:42,812 INFO org.apache.hadoop.mapred.TaskTracker: STARTUP_MSG: 
/************************************************************
STARTUP_MSG: Starting TaskTracker
STARTUP_MSG:   host = yehohanan7.local/192.168.2.16
STARTUP_MSG:   args = []
STARTUP_MSG:   version = 1.0.4
STARTUP_MSG:   build = https://svn.apache.org/repos/asf/hadoop/common/branches/branch-1.0 -r 1393290; compiled by 'hortonfo' on Wed Oct  3 05:13:58 UTC 2012
************************************************************/
2012-10-14 23:39:43,054 INFO org.apache.hadoop.metrics2.impl.MetricsConfig: loaded properties from hadoop-metrics2.properties
2012-10-14 23:39:43,110 INFO org.apache.hadoop.metrics2.impl.MetricsSourceAdapter: MBean for source MetricsSystem,sub=Stats registered.
2012-10-14 23:39:43,111 INFO org.apache.hadoop.metrics2.impl.MetricsSystemImpl: Scheduled snapshot period at 10 second(s).
2012-10-14 23:39:43,111 INFO org.apache.hadoop.metrics2.impl.MetricsSystemImpl: TaskTracker metrics system started
2012-10-14 23:39:43,443 INFO org.apache.hadoop.metrics2.impl.MetricsSourceAdapter: MBean for source ugi registered.
2012-10-14 23:39:43,446 WARN org.apache.hadoop.metrics2.impl.MetricsSystemImpl: Source name ugi already exists!
2012-10-14 23:39:43,502 ERROR org.apache.hadoop.mapred.TaskTracker: Can not start task tracker because java.lang.IllegalArgumentException: Does not contain a valid host:port authority: localhost
	at org.apache.hadoop.net.NetUtils.createSocketAddr(NetUtils.java:162)
	at org.apache.hadoop.net.NetUtils.createSocketAddr(NetUtils.java:128)
	at org.apache.hadoop.mapred.JobTracker.getAddress(JobTracker.java:2560)
	at org.apache.hadoop.mapred.TaskTracker.<init>(TaskTracker.java:1426)
	at org.apache.hadoop.mapred.TaskTracker.main(TaskTracker.java:3742)

2012-10-14 23:39:43,502 INFO org.apache.hadoop.mapred.TaskTracker: SHUTDOWN_MSG: 
/************************************************************
SHUTDOWN_MSG: Shutting down TaskTracker at yehohanan7.local/192.168.2.16
************************************************************/
